<?xml version="1.0" encoding="UTF-8"?>
<!-- Generated by org.testng.reporters.JUnitXMLReporter -->
<testsuite ignored="2" hostname="DESKTOP-K0CQ021" failures="0" tests="1" name="Test(failed)(failed)" time="0.041" errors="0" timestamp="2023-01-19T15:21:40 IST">
  <testcase classname="testNGPack.Demo" name="demo2" time="0.006"/>
  <testcase classname="testNGPack.Demo" name="demo" time="0.0">
    <ignored/>
  </testcase> <!-- demo -->
  <testcase classname="testNGPack.Demo" name="demo1" time="0.0">
    <ignored/>
  </testcase> <!-- demo1 -->
</testsuite> <!-- Test(failed)(failed) -->
